2019-12-19 02:07:56.256  INFO 8456 --- [main] spotify.Main                             : Starting Main on BorstiMAIN with PID 8456 (C:\Users\Borsti\Desktop\SpotifyNewReleases\bin\main started by Borsti in C:\Users\Borsti\Desktop\SpotifyNewReleases)
2019-12-19 02:07:56.260  INFO 8456 --- [main] spotify.Main                             : No active profile set, falling back to default profiles: default
2019-12-19 02:07:57.704  INFO 8456 --- [main] o.s.b.w.embedded.tomcat.TomcatWebServer  : Tomcat initialized with port(s): 8080 (http)
2019-12-19 02:07:57.733  INFO 8456 --- [main] o.apache.catalina.core.StandardService   : Starting service [Tomcat]
2019-12-19 02:07:57.734  INFO 8456 --- [main] org.apache.catalina.core.StandardEngine  : Starting Servlet engine: [Apache Tomcat/9.0.21]
2019-12-19 02:07:57.868  INFO 8456 --- [main] o.a.c.c.C.[Tomcat].[localhost].[/]       : Initializing Spring embedded WebApplicationContext
2019-12-19 02:07:57.869  INFO 8456 --- [main] o.s.web.context.ContextLoader            : Root WebApplicationContext: initialization completed in 1556 ms
2019-12-19 02:07:57.987  INFO 8456 --- [main] spotify.bot.util.BotLogger               : Using SQLite database located at: C:\Users\Borsti\Desktop\SpotifyNewReleases\.\database.db
2019-12-19 02:07:58.707  INFO 8456 --- [main] o.s.s.concurrent.ThreadPoolTaskExecutor  : Initializing ExecutorService 'applicationTaskExecutor'
2019-12-19 02:07:58.915  INFO 8456 --- [main] o.s.s.c.ThreadPoolTaskScheduler          : Initializing ExecutorService 'taskScheduler'
2019-12-19 02:07:58.988  INFO 8456 --- [main] o.s.b.w.embedded.tomcat.TomcatWebServer  : Tomcat started on port(s): 8080 (http) with context path ''
2019-12-19 02:07:58.991  INFO 8456 --- [main] spotify.Main                             : Started Main in 3.186 seconds (JVM running for 3.708)
2019-12-19 02:07:58.993  INFO 8456 --- [main] spotify.bot.util.BotLogger               : Executing initial crawl...
2019-12-19 02:08:03.667  INFO 8456 --- [http-nio-8080-exec-1] o.a.c.c.C.[Tomcat].[localhost].[/]       : Initializing Spring DispatcherServlet 'dispatcherServlet'
2019-12-19 02:08:03.671  INFO 8456 --- [http-nio-8080-exec-1] o.s.web.servlet.DispatcherServlet        : Initializing Servlet 'dispatcherServlet'
2019-12-19 02:08:03.685  INFO 8456 --- [http-nio-8080-exec-1] o.s.web.servlet.DispatcherServlet        : Completed initialization in 13 ms
2019-12-19 02:09:36.424  INFO 3952 --- [main] spotify.Main                             : Starting Main on BorstiMAIN with PID 3952 (C:\Users\Borsti\Desktop\SpotifyNewReleases\bin\main started by Borsti in C:\Users\Borsti\Desktop\SpotifyNewReleases)
2019-12-19 02:09:36.430  INFO 3952 --- [main] spotify.Main                             : No active profile set, falling back to default profiles: default
2019-12-19 02:09:37.879  INFO 3952 --- [main] o.s.b.w.embedded.tomcat.TomcatWebServer  : Tomcat initialized with port(s): 8080 (http)
2019-12-19 02:09:37.913  INFO 3952 --- [main] o.apache.catalina.core.StandardService   : Starting service [Tomcat]
2019-12-19 02:09:37.913  INFO 3952 --- [main] org.apache.catalina.core.StandardEngine  : Starting Servlet engine: [Apache Tomcat/9.0.21]
2019-12-19 02:09:38.068  INFO 3952 --- [main] o.a.c.c.C.[Tomcat].[localhost].[/]       : Initializing Spring embedded WebApplicationContext
2019-12-19 02:09:38.068  INFO 3952 --- [main] o.s.web.context.ContextLoader            : Root WebApplicationContext: initialization completed in 1575 ms
2019-12-19 02:09:38.202  INFO 3952 --- [main] spotify.bot.util.BotLogger               : Using SQLite database located at: C:\Users\Borsti\Desktop\SpotifyNewReleases\.\database.db
2019-12-19 02:09:38.948  INFO 3952 --- [main] o.s.s.concurrent.ThreadPoolTaskExecutor  : Initializing ExecutorService 'applicationTaskExecutor'
2019-12-19 02:09:39.226  INFO 3952 --- [main] o.s.s.c.ThreadPoolTaskScheduler          : Initializing ExecutorService 'taskScheduler'
2019-12-19 02:09:39.324  INFO 3952 --- [main] o.s.b.w.embedded.tomcat.TomcatWebServer  : Tomcat started on port(s): 8080 (http) with context path ''
2019-12-19 02:09:39.369  INFO 3952 --- [main] spotify.Main                             : Started Main in 3.486 seconds (JVM running for 4.134)
2019-12-19 02:09:39.374  INFO 3952 --- [main] spotify.bot.util.BotLogger               : Executing initial crawl...
2019-12-19 02:09:41.065  INFO 3952 --- [http-nio-8080-exec-1] o.a.c.c.C.[Tomcat].[localhost].[/]       : Initializing Spring DispatcherServlet 'dispatcherServlet'
2019-12-19 02:09:41.066  INFO 3952 --- [http-nio-8080-exec-1] o.s.web.servlet.DispatcherServlet        : Initializing Servlet 'dispatcherServlet'
2019-12-19 02:09:41.074  INFO 3952 --- [http-nio-8080-exec-1] o.s.web.servlet.DispatcherServlet        : Completed initialization in 8 ms
2019-12-19 02:12:55.056  INFO 7204 --- [main] spotify.Main                             : Starting Main on BorstiMAIN with PID 7204 (C:\Users\Borsti\Desktop\SpotifyNewReleases\bin\main started by Borsti in C:\Users\Borsti\Desktop\SpotifyNewReleases)
2019-12-19 02:12:55.059  INFO 7204 --- [main] spotify.Main                             : No active profile set, falling back to default profiles: default
2019-12-19 02:12:56.528  INFO 7204 --- [main] o.s.b.w.embedded.tomcat.TomcatWebServer  : Tomcat initialized with port(s): 8080 (http)
2019-12-19 02:12:56.560  INFO 7204 --- [main] o.apache.catalina.core.StandardService   : Starting service [Tomcat]
2019-12-19 02:12:56.560  INFO 7204 --- [main] org.apache.catalina.core.StandardEngine  : Starting Servlet engine: [Apache Tomcat/9.0.21]
2019-12-19 02:12:56.698  INFO 7204 --- [main] o.a.c.c.C.[Tomcat].[localhost].[/]       : Initializing Spring embedded WebApplicationContext
2019-12-19 02:12:56.698  INFO 7204 --- [main] o.s.web.context.ContextLoader            : Root WebApplicationContext: initialization completed in 1582 ms
2019-12-19 02:12:56.800  INFO 7204 --- [main] spotify.bot.util.BotLogger               : Using SQLite database located at: C:\Users\Borsti\Desktop\SpotifyNewReleases\.\database.db
2019-12-19 02:12:57.491  INFO 7204 --- [main] o.s.s.concurrent.ThreadPoolTaskExecutor  : Initializing ExecutorService 'applicationTaskExecutor'
2019-12-19 02:12:57.700  INFO 7204 --- [main] o.s.s.c.ThreadPoolTaskScheduler          : Initializing ExecutorService 'taskScheduler'
2019-12-19 02:12:57.784  INFO 7204 --- [main] o.s.b.w.embedded.tomcat.TomcatWebServer  : Tomcat started on port(s): 8080 (http) with context path ''
2019-12-19 02:12:57.787  INFO 7204 --- [main] spotify.Main                             : Started Main in 3.231 seconds (JVM running for 3.81)
2019-12-19 02:12:57.790  INFO 7204 --- [main] spotify.bot.util.BotLogger               : Executing initial crawl...
2019-12-19 02:13:03.278  INFO 7204 --- [http-nio-8080-exec-1] o.a.c.c.C.[Tomcat].[localhost].[/]       : Initializing Spring DispatcherServlet 'dispatcherServlet'
2019-12-19 02:13:03.279  INFO 7204 --- [http-nio-8080-exec-1] o.s.web.servlet.DispatcherServlet        : Initializing Servlet 'dispatcherServlet'
2019-12-19 02:13:03.286  INFO 7204 --- [http-nio-8080-exec-1] o.s.web.servlet.DispatcherServlet        : Completed initialization in 7 ms
2019-12-19 02:15:00.429  INFO 2804 --- [main] spotify.Main                             : Starting Main on BorstiMAIN with PID 2804 (C:\Users\Borsti\Desktop\SpotifyNewReleases\bin\main started by Borsti in C:\Users\Borsti\Desktop\SpotifyNewReleases)
2019-12-19 02:15:00.431  INFO 2804 --- [main] spotify.Main                             : No active profile set, falling back to default profiles: default
2019-12-19 02:15:01.838  INFO 2804 --- [main] o.s.b.w.embedded.tomcat.TomcatWebServer  : Tomcat initialized with port(s): 8080 (http)
2019-12-19 02:15:01.868  INFO 2804 --- [main] o.apache.catalina.core.StandardService   : Starting service [Tomcat]
2019-12-19 02:15:01.869  INFO 2804 --- [main] org.apache.catalina.core.StandardEngine  : Starting Servlet engine: [Apache Tomcat/9.0.21]
2019-12-19 02:15:01.986  INFO 2804 --- [main] o.a.c.c.C.[Tomcat].[localhost].[/]       : Initializing Spring embedded WebApplicationContext
2019-12-19 02:15:01.986  INFO 2804 --- [main] o.s.web.context.ContextLoader            : Root WebApplicationContext: initialization completed in 1480 ms
2019-12-19 02:15:02.112  INFO 2804 --- [main] spotify.bot.util.BotLogger               : Using SQLite database located at: C:\Users\Borsti\Desktop\SpotifyNewReleases\.\database.db
2019-12-19 02:15:02.836  INFO 2804 --- [main] o.s.s.concurrent.ThreadPoolTaskExecutor  : Initializing ExecutorService 'applicationTaskExecutor'
2019-12-19 02:15:03.036  INFO 2804 --- [main] o.s.s.c.ThreadPoolTaskScheduler          : Initializing ExecutorService 'taskScheduler'
2019-12-19 02:15:03.105  INFO 2804 --- [main] o.s.b.w.embedded.tomcat.TomcatWebServer  : Tomcat started on port(s): 8080 (http) with context path ''
2019-12-19 02:15:03.109  INFO 2804 --- [main] spotify.Main                             : Started Main in 3.154 seconds (JVM running for 3.665)
2019-12-19 02:15:03.111  INFO 2804 --- [main] spotify.bot.util.BotLogger               : Executing initial crawl...
